<?xml version="1.0" encoding="UTF-8" ?>
<testsuite failures="4" time="0.064" errors="0" skipped="0" tests="7" name="biblioteca.BibliotecaCLITest">
  <properties>
[...]
</properties>
  <testcase time="0.019" classname="biblioteca.BibliotecaCLITest" name="printsBookListDetailsAsColumns">
    <failure message="expected:&lt;...           | YEAR 
A[wesome book                   | author with huge name          | 2014
Learning TDD                   | Cool Girl                      | 2015
Another awesome book           | myself                         | 2013]
&gt; but was:&lt;...           | YEAR 
A[nother awesome book           | myself                         | 2013
Awesome book                   | author with huge name          | 2014
Learning TDD                   | Cool Girl                      | 2015]
&gt;" type="org.junit.ComparisonFailure">org.junit.ComparisonFailure: expected:&lt;...           | YEAR 
A[wesome book                   | author with huge name          | 2014
Learning TDD                   | Cool Girl                      | 2015
Another awesome book           | myself                         | 2013]
&gt; but was:&lt;...           | YEAR 
A[nother awesome book           | myself                         | 2013
Awesome book                   | author with huge name          | 2014
Learning TDD                   | Cool Girl                      | 2015]
&gt;
	at org.junit.Assert.assertEquals(Assert.java:115)
	at org.junit.Assert.assertEquals(Assert.java:144)
	at biblioteca.BibliotecaCLITest.printsBookListDetailsAsColumns(BibliotecaCLITest.java:48)
	at sun.reflect.NativeMethodAccessorImpl.invoke0(Native Method)
	at sun.reflect.NativeMethodAccessorImpl.invoke(NativeMethodAccessorImpl.java:57)
	at sun.reflect.DelegatingMethodAccessorImpl.invoke(DelegatingMethodAccessorImpl.java:43)
	at java.lang.reflect.Method.invoke(Method.java:606)
	at org.junit.runners.model.FrameworkMethod$1.runReflectiveCall(FrameworkMethod.java:50)
	at org.junit.internal.runners.model.ReflectiveCallable.run(ReflectiveCallable.java:12)
	at org.junit.runners.model.FrameworkMethod.invokeExplosively(FrameworkMethod.java:47)
	at org.junit.internal.runners.statements.InvokeMethod.evaluate(InvokeMethod.java:17)
	at org.junit.internal.runners.statements.RunBefores.evaluate(RunBefores.java:26)
	at org.junit.rules.ExternalResource$1.evaluate(ExternalResource.java:48)
	at org.junit.rules.RunRules.evaluate(RunRules.java:20)
	at org.junit.runners.ParentRunner.runLeaf(ParentRunner.java:325)
	at org.junit.runners.BlockJUnit4ClassRunner.runChild(BlockJUnit4ClassRunner.java:78)
	at org.junit.runners.BlockJUnit4ClassRunner.runChild(BlockJUnit4ClassRunner.java:57)
	at org.junit.runners.ParentRunner$3.run(ParentRunner.java:290)
	at org.junit.runners.ParentRunner$1.schedule(ParentRunner.java:71)
	at org.junit.runners.ParentRunner.runChildren(ParentRunner.java:288)
	at org.junit.runners.ParentRunner.access$000(ParentRunner.java:58)
	at org.junit.runners.ParentRunner$2.evaluate(ParentRunner.java:268)
	at org.junit.runners.ParentRunner.run(ParentRunner.java:363)
	at org.apache.maven.surefire.junit4.JUnit4Provider.execute(JUnit4Provider.java:252)
	at org.apache.maven.surefire.junit4.JUnit4Provider.executeTestSet(JUnit4Provider.java:141)
	at org.apache.maven.surefire.junit4.JUnit4Provider.invoke(JUnit4Provider.java:112)
	at sun.reflect.NativeMethodAccessorImpl.invoke0(Native Method)
	at sun.reflect.NativeMethodAccessorImpl.invoke(NativeMethodAccessorImpl.java:57)
	at sun.reflect.DelegatingMethodAccessorImpl.invoke(DelegatingMethodAccessorImpl.java:43)
	at java.lang.reflect.Method.invoke(Method.java:606)
	at org.apache.maven.surefire.util.ReflectionUtils.invokeMethodWithArray(ReflectionUtils.java:189)
	at org.apache.maven.surefire.booter.ProviderFactory$ProviderProxy.invoke(ProviderFactory.java:165)
	at org.apache.maven.surefire.booter.ProviderFactory.invokeProvider(ProviderFactory.java:85)
	at org.apache.maven.surefire.booter.ForkedBooter.runSuitesInProcess(ForkedBooter.java:115)
	at org.apache.maven.surefire.booter.ForkedBooter.main(ForkedBooter.java:75)
</failure>
    <system-out>TITLE                          | AUTHOR                         | YEAR 
Another awesome book           | myself                         | 2013
Awesome book                   | author with huge name          | 2014
Learning TDD                   | Cool Girl                      | 2015
</system-out>
  </testcase>
  <testcase time="0.003" classname="biblioteca.BibliotecaCLITest" name="printsErrorForInvalidMenuOption"/>
  <testcase time="0.023" classname="biblioteca.BibliotecaCLITest" name="printsBookListByChoosingMenuOption1">
    <failure message="expected:&lt;...           | YEAR 
A[wesome book                   | author with huge name          | 2014
Learning TDD                   | Cool Girl                      | 2015
Another awesome book           | myself                         | 2013]
&gt; but was:&lt;...           | YEAR 
A[nother awesome book           | myself                         | 2013
Awesome book                   | author with huge name          | 2014
Learning TDD                   | Cool Girl                      | 2015]
&gt;" type="org.junit.ComparisonFailure">org.junit.ComparisonFailure: expected:&lt;...           | YEAR 
A[wesome book                   | author with huge name          | 2014
Learning TDD                   | Cool Girl                      | 2015
Another awesome book           | myself                         | 2013]
&gt; but was:&lt;...           | YEAR 
A[nother awesome book           | myself                         | 2013
Awesome book                   | author with huge name          | 2014
Learning TDD                   | Cool Girl                      | 2015]
&gt;
	at org.junit.Assert.assertEquals(Assert.java:115)
	at org.junit.Assert.assertEquals(Assert.java:144)
	at biblioteca.BibliotecaCLITest.printsBookListByChoosingMenuOption1(BibliotecaCLITest.java:55)
	at sun.reflect.NativeMethodAccessorImpl.invoke0(Native Method)
	at sun.reflect.NativeMethodAccessorImpl.invoke(NativeMethodAccessorImpl.java:57)
	at sun.reflect.DelegatingMethodAccessorImpl.invoke(DelegatingMethodAccessorImpl.java:43)
	at java.lang.reflect.Method.invoke(Method.java:606)
	at org.junit.runners.model.FrameworkMethod$1.runReflectiveCall(FrameworkMethod.java:50)
	at org.junit.internal.runners.model.ReflectiveCallable.run(ReflectiveCallable.java:12)
	at org.junit.runners.model.FrameworkMethod.invokeExplosively(FrameworkMethod.java:47)
	at org.junit.internal.runners.statements.InvokeMethod.evaluate(InvokeMethod.java:17)
	at org.junit.internal.runners.statements.RunBefores.evaluate(RunBefores.java:26)
	at org.junit.rules.ExternalResource$1.evaluate(ExternalResource.java:48)
	at org.junit.rules.RunRules.evaluate(RunRules.java:20)
	at org.junit.runners.ParentRunner.runLeaf(ParentRunner.java:325)
	at org.junit.runners.BlockJUnit4ClassRunner.runChild(BlockJUnit4ClassRunner.java:78)
	at org.junit.runners.BlockJUnit4ClassRunner.runChild(BlockJUnit4ClassRunner.java:57)
	at org.junit.runners.ParentRunner$3.run(ParentRunner.java:290)
	at org.junit.runners.ParentRunner$1.schedule(ParentRunner.java:71)
	at org.junit.runners.ParentRunner.runChildren(ParentRunner.java:288)
	at org.junit.runners.ParentRunner.access$000(ParentRunner.java:58)
	at org.junit.runners.ParentRunner$2.evaluate(ParentRunner.java:268)
	at org.junit.runners.ParentRunner.run(ParentRunner.java:363)
	at org.apache.maven.surefire.junit4.JUnit4Provider.execute(JUnit4Provider.java:252)
	at org.apache.maven.surefire.junit4.JUnit4Provider.executeTestSet(JUnit4Provider.java:141)
	at org.apache.maven.surefire.junit4.JUnit4Provider.invoke(JUnit4Provider.java:112)
	at sun.reflect.NativeMethodAccessorImpl.invoke0(Native Method)
	at sun.reflect.NativeMethodAccessorImpl.invoke(NativeMethodAccessorImpl.java:57)
	at sun.reflect.DelegatingMethodAccessorImpl.invoke(DelegatingMethodAccessorImpl.java:43)
	at java.lang.reflect.Method.invoke(Method.java:606)
	at org.apache.maven.surefire.util.ReflectionUtils.invokeMethodWithArray(ReflectionUtils.java:189)
	at org.apache.maven.surefire.booter.ProviderFactory$ProviderProxy.invoke(ProviderFactory.java:165)
	at org.apache.maven.surefire.booter.ProviderFactory.invokeProvider(ProviderFactory.java:85)
	at org.apache.maven.surefire.booter.ForkedBooter.runSuitesInProcess(ForkedBooter.java:115)
	at org.apache.maven.surefire.booter.ForkedBooter.main(ForkedBooter.java:75)
</failure>
    <system-out>TITLE                          | AUTHOR                         | YEAR 
Another awesome book           | myself                         | 2013
Awesome book                   | author with huge name          | 2014
Learning TDD                   | Cool Girl                      | 2015
</system-out>
  </testcase>
  <testcase time="0.011" classname="biblioteca.BibliotecaCLITest" name="printsMovieList">
    <failure message="expected:&lt;...      | YEAR | RATE
[Another movie                  | Just a Director                | 2001 | Unrated
Just another movie             | Unknown Director               | 2009 | 3]
Some movie         ...&gt; but was:&lt;...      | YEAR | RATE
[Just another movie             | Unknown Director               | 2009 | 3
Another movie                  | Just a Director                | 2001 | Unrated]
Some movie         ...&gt;" type="org.junit.ComparisonFailure">org.junit.ComparisonFailure: expected:&lt;...      | YEAR | RATE
[Another movie                  | Just a Director                | 2001 | Unrated
Just another movie             | Unknown Director               | 2009 | 3]
Some movie         ...&gt; but was:&lt;...      | YEAR | RATE
[Just another movie             | Unknown Director               | 2009 | 3
Another movie                  | Just a Director                | 2001 | Unrated]
Some movie         ...&gt;
	at org.junit.Assert.assertEquals(Assert.java:115)
	at org.junit.Assert.assertEquals(Assert.java:144)
	at biblioteca.BibliotecaCLITest.printsMovieList(BibliotecaCLITest.java:86)
	at sun.reflect.NativeMethodAccessorImpl.invoke0(Native Method)
	at sun.reflect.NativeMethodAccessorImpl.invoke(NativeMethodAccessorImpl.java:57)
	at sun.reflect.DelegatingMethodAccessorImpl.invoke(DelegatingMethodAccessorImpl.java:43)
	at java.lang.reflect.Method.invoke(Method.java:606)
	at org.junit.runners.model.FrameworkMethod$1.runReflectiveCall(FrameworkMethod.java:50)
	at org.junit.internal.runners.model.ReflectiveCallable.run(ReflectiveCallable.java:12)
	at org.junit.runners.model.FrameworkMethod.invokeExplosively(FrameworkMethod.java:47)
	at org.junit.internal.runners.statements.InvokeMethod.evaluate(InvokeMethod.java:17)
	at org.junit.internal.runners.statements.RunBefores.evaluate(RunBefores.java:26)
	at org.junit.rules.ExternalResource$1.evaluate(ExternalResource.java:48)
	at org.junit.rules.RunRules.evaluate(RunRules.java:20)
	at org.junit.runners.ParentRunner.runLeaf(ParentRunner.java:325)
	at org.junit.runners.BlockJUnit4ClassRunner.runChild(BlockJUnit4ClassRunner.java:78)
	at org.junit.runners.BlockJUnit4ClassRunner.runChild(BlockJUnit4ClassRunner.java:57)
	at org.junit.runners.ParentRunner$3.run(ParentRunner.java:290)
	at org.junit.runners.ParentRunner$1.schedule(ParentRunner.java:71)
	at org.junit.runners.ParentRunner.runChildren(ParentRunner.java:288)
	at org.junit.runners.ParentRunner.access$000(ParentRunner.java:58)
	at org.junit.runners.ParentRunner$2.evaluate(ParentRunner.java:268)
	at org.junit.runners.ParentRunner.run(ParentRunner.java:363)
	at org.apache.maven.surefire.junit4.JUnit4Provider.execute(JUnit4Provider.java:252)
	at org.apache.maven.surefire.junit4.JUnit4Provider.executeTestSet(JUnit4Provider.java:141)
	at org.apache.maven.surefire.junit4.JUnit4Provider.invoke(JUnit4Provider.java:112)
	at sun.reflect.NativeMethodAccessorImpl.invoke0(Native Method)
	at sun.reflect.NativeMethodAccessorImpl.invoke(NativeMethodAccessorImpl.java:57)
	at sun.reflect.DelegatingMethodAccessorImpl.invoke(DelegatingMethodAccessorImpl.java:43)
	at java.lang.reflect.Method.invoke(Method.java:606)
	at org.apache.maven.surefire.util.ReflectionUtils.invokeMethodWithArray(ReflectionUtils.java:189)
	at org.apache.maven.surefire.booter.ProviderFactory$ProviderProxy.invoke(ProviderFactory.java:165)
	at org.apache.maven.surefire.booter.ProviderFactory.invokeProvider(ProviderFactory.java:85)
	at org.apache.maven.surefire.booter.ForkedBooter.runSuitesInProcess(ForkedBooter.java:115)
	at org.apache.maven.surefire.booter.ForkedBooter.main(ForkedBooter.java:75)
</failure>
    <system-out>NAME                           | DIRECTOR                       | YEAR | RATE
Just another movie             | Unknown Director               | 2009 | 3
Another movie                  | Just a Director                | 2001 | Unrated
Some movie                     | Some Pretty Director           | 2012 | 10
</system-out>
  </testcase>
  <testcase time="0.002" classname="biblioteca.BibliotecaCLITest" name="printsMenu"/>
  <testcase time="0.001" classname="biblioteca.BibliotecaCLITest" name="printsWelcomeMessage"/>
  <testcase time="0.005" classname="biblioteca.BibliotecaCLITest" name="printsMovieListByChoosingMenuOption4">
    <failure message="expected:&lt;...      | YEAR | RATE
[Another movie                  | Just a Director                | 2001 | Unrated
Just another movie             | Unknown Director               | 2009 | 3]
Some movie         ...&gt; but was:&lt;...      | YEAR | RATE
[Just another movie             | Unknown Director               | 2009 | 3
Another movie                  | Just a Director                | 2001 | Unrated]
Some movie         ...&gt;" type="org.junit.ComparisonFailure">org.junit.ComparisonFailure: expected:&lt;...      | YEAR | RATE
[Another movie                  | Just a Director                | 2001 | Unrated
Just another movie             | Unknown Director               | 2009 | 3]
Some movie         ...&gt; but was:&lt;...      | YEAR | RATE
[Just another movie             | Unknown Director               | 2009 | 3
Another movie                  | Just a Director                | 2001 | Unrated]
Some movie         ...&gt;
	at org.junit.Assert.assertEquals(Assert.java:115)
	at org.junit.Assert.assertEquals(Assert.java:144)
	at biblioteca.BibliotecaCLITest.printsMovieListByChoosingMenuOption4(BibliotecaCLITest.java:93)
	at sun.reflect.NativeMethodAccessorImpl.invoke0(Native Method)
	at sun.reflect.NativeMethodAccessorImpl.invoke(NativeMethodAccessorImpl.java:57)
	at sun.reflect.DelegatingMethodAccessorImpl.invoke(DelegatingMethodAccessorImpl.java:43)
	at java.lang.reflect.Method.invoke(Method.java:606)
	at org.junit.runners.model.FrameworkMethod$1.runReflectiveCall(FrameworkMethod.java:50)
	at org.junit.internal.runners.model.ReflectiveCallable.run(ReflectiveCallable.java:12)
	at org.junit.runners.model.FrameworkMethod.invokeExplosively(FrameworkMethod.java:47)
	at org.junit.internal.runners.statements.InvokeMethod.evaluate(InvokeMethod.java:17)
	at org.junit.internal.runners.statements.RunBefores.evaluate(RunBefores.java:26)
	at org.junit.rules.ExternalResource$1.evaluate(ExternalResource.java:48)
	at org.junit.rules.RunRules.evaluate(RunRules.java:20)
	at org.junit.runners.ParentRunner.runLeaf(ParentRunner.java:325)
	at org.junit.runners.BlockJUnit4ClassRunner.runChild(BlockJUnit4ClassRunner.java:78)
	at org.junit.runners.BlockJUnit4ClassRunner.runChild(BlockJUnit4ClassRunner.java:57)
	at org.junit.runners.ParentRunner$3.run(ParentRunner.java:290)
	at org.junit.runners.ParentRunner$1.schedule(ParentRunner.java:71)
	at org.junit.runners.ParentRunner.runChildren(ParentRunner.java:288)
	at org.junit.runners.ParentRunner.access$000(ParentRunner.java:58)
	at org.junit.runners.ParentRunner$2.evaluate(ParentRunner.java:268)
	at org.junit.runners.ParentRunner.run(ParentRunner.java:363)
	at org.apache.maven.surefire.junit4.JUnit4Provider.execute(JUnit4Provider.java:252)
	at org.apache.maven.surefire.junit4.JUnit4Provider.executeTestSet(JUnit4Provider.java:141)
	at org.apache.maven.surefire.junit4.JUnit4Provider.invoke(JUnit4Provider.java:112)
	at sun.reflect.NativeMethodAccessorImpl.invoke0(Native Method)
	at sun.reflect.NativeMethodAccessorImpl.invoke(NativeMethodAccessorImpl.java:57)
	at sun.reflect.DelegatingMethodAccessorImpl.invoke(DelegatingMethodAccessorImpl.java:43)
	at java.lang.reflect.Method.invoke(Method.java:606)
	at org.apache.maven.surefire.util.ReflectionUtils.invokeMethodWithArray(ReflectionUtils.java:189)
	at org.apache.maven.surefire.booter.ProviderFactory$ProviderProxy.invoke(ProviderFactory.java:165)
	at org.apache.maven.surefire.booter.ProviderFactory.invokeProvider(ProviderFactory.java:85)
	at org.apache.maven.surefire.booter.ForkedBooter.runSuitesInProcess(ForkedBooter.java:115)
	at org.apache.maven.surefire.booter.ForkedBooter.main(ForkedBooter.java:75)
</failure>
    <system-out>NAME                           | DIRECTOR                       | YEAR | RATE
Just another movie             | Unknown Director               | 2009 | 3
Another movie                  | Just a Director                | 2001 | Unrated
Some movie                     | Some Pretty Director           | 2012 | 10
</system-out>
  </testcase>
</testsuite>